samples/BarcodeCaptureRejectSample/build/intermediates/manifest_merge_blame_file/debug/manifest-merger-blame-debug-report.txt
1<?xml version="1.0" encoding="utf-8"?>
2<manifest xmlns:android="http://schemas.android.com/apk/res/android"
3    package="com.scandit.datacapture.barcodecapturerejectsample"
4    android:versionCode="1"
5    android:versionName="1.0" >
6
7    <uses-sdk
8        android:minSdkVersion="21"
8-->src/main/AndroidManifest.xml
9        android:targetSdkVersion="29" />
9-->src/main/AndroidManifest.xml
10
11    <uses-permission android:name="android.permission.INTERNET" />
11-->src/main/AndroidManifest.xml:5:5-66
11-->src/main/AndroidManifest.xml:5:22-64
12    <uses-permission android:name="android.permission.ACCESS_NETWORK_STATE" />
12-->[:ScanditCaptureCore:] AndroidManifest.xml:11:5-79
12-->[:ScanditCaptureCore:] AndroidManifest.xml:11:22-76
13    <uses-permission android:name="android.permission.CAMERA" />
13-->[:ScanditCaptureCore:] AndroidManifest.xml:13:5-65
13-->[:ScanditCaptureCore:] AndroidManifest.xml:13:22-62
14    <uses-permission android:name="android.permission.VIBRATE" />
14-->[:ScanditCaptureCore:] AndroidManifest.xml:14:5-66
14-->[:ScanditCaptureCore:] AndroidManifest.xml:14:22-63
15
16    <uses-feature android:glEsVersion="0x00020000" />
16-->[:ScanditCaptureCore:] AndroidManifest.xml:16:5-54
16-->[:ScanditCaptureCore:] AndroidManifest.xml:16:19-51
17
18    <application
18-->src/main/AndroidManifest.xml:7:5-23:19
19        android:allowBackup="true"
19-->src/main/AndroidManifest.xml:8:9-35
20        android:appComponentFactory="androidx.core.app.CoreComponentFactory"
20-->[androidx.core:core:1.1.0] AndroidManifest.xml:24:18-86
21        android:debuggable="true"
22        android:icon="@mipmap/ic_launcher"
22-->src/main/AndroidManifest.xml:9:9-43
23        android:label="@string/app_name"
23-->src/main/AndroidManifest.xml:10:9-41
24        android:supportsRtl="true"
24-->src/main/AndroidManifest.xml:11:9-35
25        android:theme="@style/AppTheme" >
25-->src/main/AndroidManifest.xml:12:9-40
26        <activity
26-->src/main/AndroidManifest.xml:14:9-22:20
27            android:name="com.scandit.datacapture.barcodecapturerejectsample.BarcodeScanActivity"
27-->src/main/AndroidManifest.xml:15:13-48
28            android:screenOrientation="sensor" >
28-->src/main/AndroidManifest.xml:16:13-47
29            <intent-filter>
29-->src/main/AndroidManifest.xml:17:13-21:29
30                <action android:name="android.intent.action.MAIN" />
30-->src/main/AndroidManifest.xml:18:17-68
30-->src/main/AndroidManifest.xml:18:25-66
31
32                <category android:name="android.intent.category.LAUNCHER" />
32-->src/main/AndroidManifest.xml:20:17-76
32-->src/main/AndroidManifest.xml:20:27-74
33            </intent-filter>
34        </activity>
35
36        <provider
36-->[:ScanditCaptureCore:] AndroidManifest.xml:19:9-22:40
37            android:name="com.scandit.datacapture.core.internal.sdk.init.CoreLibraryLoaderContentProvider"
37-->[:ScanditCaptureCore:] AndroidManifest.xml:20:13-107
38            android:authorities="com.scandit.datacapture.barcodecapturerejectsample.corelibraryloadercontentprovider"
38-->[:ScanditCaptureCore:] AndroidManifest.xml:21:13-84
39            android:exported="false" />
39-->[:ScanditCaptureCore:] AndroidManifest.xml:22:13-37
40        <provider
40-->[:ScanditBarcodeCapture:] AndroidManifest.xml:17:9-20:40
41            android:name="com.scandit.datacapture.barcode.internal.sdk.init.BarcodeLibraryLoaderContentProvider"
41-->[:ScanditBarcodeCapture:] AndroidManifest.xml:18:13-113
42            android:authorities="com.scandit.datacapture.barcodecapturerejectsample.barcodelibraryloadercontentprovider"
42-->[:ScanditBarcodeCapture:] AndroidManifest.xml:19:13-87
43            android:exported="false" />
43-->[:ScanditBarcodeCapture:] AndroidManifest.xml:20:13-37
44    </application>
45
46</manifest>